0 info it worked if it ends with ok
1 verbose cli [ '/usr/local/Cellar/node/5.7.0/bin/node',
1 verbose cli   '/usr/local/bin/npm',
1 verbose cli   'start' ]
2 info using npm@3.7.5
3 info using node@v5.7.0
4 verbose run-script [ 'prestart', 'start', 'poststart' ]
5 info lifecycle gas-api@0.1.5~prestart: gas-api@0.1.5
6 silly lifecycle gas-api@0.1.5~prestart: no script for prestart, continuing
7 info lifecycle gas-api@0.1.5~start: gas-api@0.1.5
8 verbose lifecycle gas-api@0.1.5~start: unsafe-perm in lifecycle true
9 verbose lifecycle gas-api@0.1.5~start: PATH: /usr/local/lib/node_modules/npm/bin/node-gyp-bin:/Users/mayanb/Documents/College/Senior Year 15-16/spring/gas-api/node_modules/.bin:/usr/local/Cellar/node/5.7.0/bin:/Users/mayanb/.rbenv/shims:/Users/mayanb/.rbenv/shims:/Users/mayanb/.rbenv/shims:/Users/mayanb/.rbenv/shims:/Users/mayanb/.rbenv/shims:/Users/mayanb/.rbenv/shims:/opt/local/bin:/opt/local/sbin:/Users/mayanb/.rvm/gems/ruby-2.1.4/bin:/Users/mayanb/.rvm/gems/ruby-2.1.4@global/bin:/Users/mayanb/.rvm/rubies/ruby-2.1.4/bin:/usr/local/bin:/usr/bin:/bin:/usr/sbin:/sbin:/opt/X11/bin:/Users/mayanb/.rvm/bin:/usr/local/bin/python
10 verbose lifecycle gas-api@0.1.5~start: CWD: /Users/mayanb/Documents/College/Senior Year 15-16/spring/gas-api
11 silly lifecycle gas-api@0.1.5~start: Args: [ '-c', 'node index.js' ]
12 silly lifecycle gas-api@0.1.5~start: Returned: code: 1  signal: null
13 info lifecycle gas-api@0.1.5~start: Failed to exec start script
14 verbose stack Error: gas-api@0.1.5 start: `node index.js`
14 verbose stack Exit status 1
14 verbose stack     at EventEmitter.<anonymous> (/usr/local/lib/node_modules/npm/lib/utils/lifecycle.js:239:16)
14 verbose stack     at emitTwo (events.js:100:13)
14 verbose stack     at EventEmitter.emit (events.js:185:7)
14 verbose stack     at ChildProcess.<anonymous> (/usr/local/lib/node_modules/npm/lib/utils/spawn.js:24:14)
14 verbose stack     at emitTwo (events.js:100:13)
14 verbose stack     at ChildProcess.emit (events.js:185:7)
14 verbose stack     at maybeClose (internal/child_process.js:827:16)
14 verbose stack     at Process.ChildProcess._handle.onexit (internal/child_process.js:211:5)
15 verbose pkgid gas-api@0.1.5
16 verbose cwd /Users/mayanb/Documents/College/Senior Year 15-16/spring/gas-api
17 error Darwin 15.0.0
18 error argv "/usr/local/Cellar/node/5.7.0/bin/node" "/usr/local/bin/npm" "start"
19 error node v5.7.0
20 error npm  v3.7.5
21 error code ELIFECYCLE
22 error gas-api@0.1.5 start: `node index.js`
22 error Exit status 1
23 error Failed at the gas-api@0.1.5 start script 'node index.js'.
23 error Make sure you have the latest version of node.js and npm installed.
23 error If you do, this is most likely a problem with the gas-api package,
23 error not with npm itself.
23 error Tell the author that this fails on your system:
23 error     node index.js
23 error You can get information on how to open an issue for this project with:
23 error     npm bugs gas-api
23 error Or if that isn't available, you can get their info via:
23 error     npm owner ls gas-api
23 error There is likely additional logging output above.
24 verbose exit [ 1, true ]
